<?xml version="1.0" encoding="UTF-8"?>
<testsuite name="com.ll.simpleDb.SimpleDbTest" tests="12" skipped="0" failures="0" errors="0" timestamp="2023-11-08T02:11:12" hostname="DOYAGURI" time="0.08">
  <properties/>
  <testcase name="selectRow()" classname="com.ll.simpleDb.SimpleDbTest" time="0.045"/>
  <testcase name="selectBind()" classname="com.ll.simpleDb.SimpleDbTest" time="0.003"/>
  <testcase name="selectLong()" classname="com.ll.simpleDb.SimpleDbTest" time="0.001"/>
  <testcase name="selectDatetime()" classname="com.ll.simpleDb.SimpleDbTest" time="0.004"/>
  <testcase name="delete()" classname="com.ll.simpleDb.SimpleDbTest" time="0.001"/>
  <testcase name="insert()" classname="com.ll.simpleDb.SimpleDbTest" time="0.001"/>
  <testcase name="update()" classname="com.ll.simpleDb.SimpleDbTest" time="0.001"/>
  <testcase name="selectArticles()" classname="com.ll.simpleDb.SimpleDbTest" time="0.008"/>
  <testcase name="selectArticle()" classname="com.ll.simpleDb.SimpleDbTest" time="0.001"/>
  <testcase name="selectIn()" classname="com.ll.simpleDb.SimpleDbTest" time="0.001"/>
  <testcase name="selectString()" classname="com.ll.simpleDb.SimpleDbTest" time="0.0"/>
  <testcase name="selectOrderByField()" classname="com.ll.simpleDb.SimpleDbTest" time="0.005"/>
  <system-out><![CDATA[]]></system-out>
  <system-err><![CDATA[]]></system-err>
</testsuite>
